[debug] [2020-09-29T11:33:42.694Z] ----------------------------------------------------------------------
[debug] [2020-09-29T11:33:42.696Z] Command:       C:\Program Files\nodejs\node.exe C:\Users\Toren\AppData\Roaming\npm\node_modules\firebase-tools\lib\bin\firebase.js emulators:start
[debug] [2020-09-29T11:33:42.696Z] CLI Version:   8.11.2
[debug] [2020-09-29T11:33:42.696Z] Platform:      win32
[debug] [2020-09-29T11:33:42.696Z] Node Version:  v12.18.3
[debug] [2020-09-29T11:33:42.697Z] Time:          Tue Sep 29 2020 12:33:42 GMT+0100 (British Summer Time)
[debug] [2020-09-29T11:33:42.697Z] ----------------------------------------------------------------------
[debug] [2020-09-29T11:33:42.697Z] 
[debug] [2020-09-29T11:33:42.702Z] > command requires scopes: ["email","openid","https://www.googleapis.com/auth/cloudplatformprojects.readonly","https://www.googleapis.com/auth/firebase","https://www.googleapis.com/auth/cloud-platform"]
[debug] [2020-09-29T11:33:42.703Z] > authorizing via signed-in user
[info] i  emulators: Starting emulators: functions, hosting {"metadata":{"emulator":{"name":"hub"},"message":"Starting emulators: functions, hosting"}}
[debug] [2020-09-29T11:33:44.763Z] [hub] writing locator at C:\Users\Toren\AppData\Local\Temp\hub-crafty-bean-v2.json
[warn] !  functions: The following emulators are not running, calls to these services from the Functions emulator will affect production: auth, firestore, database, pubsub {"metadata":{"emulator":{"name":"functions"},"message":"The following emulators are not running, calls to these services from the Functions emulator will affect production: \u001b[1mauth, firestore, database, pubsub\u001b[22m"}}
[warn] !  Your requested "node" version "10" doesn't match your global version "12" {"metadata":{"emulator":{"name":"functions"},"message":"Your requested \"node\" version \"10\" doesn't match your global version \"12\""}}
[debug] [2020-09-29T11:33:46.825Z] defaultcredentials: writing to file C:\Users\Toren\AppData\Roaming\firebase\torendfraser_gmail_com_application_default_credentials.json
[debug] [2020-09-29T11:33:46.827Z] Setting GAC to C:\Users\Toren\AppData\Roaming\firebase\torendfraser_gmail_com_application_default_credentials.json {"metadata":{"emulator":{"name":"functions"},"message":"Setting GAC to C:\\Users\\Toren\\AppData\\Roaming\\firebase\\torendfraser_gmail_com_application_default_credentials.json"}}
[debug] [2020-09-29T11:33:48.874Z] >>> HTTP REQUEST GET https://firebase.googleapis.com/v1beta1/projects/crafty-bean-v2/webApps/-/config  
 
[debug] [2020-09-29T11:33:49.608Z] <<< HTTP RESPONSE 200 {"content-type":"application/json; charset=UTF-8","vary":"X-Origin, Referer, Origin,Accept-Encoding","date":"Tue, 29 Sep 2020 11:33:49 GMT","server":"ESF","cache-control":"private","x-xss-protection":"0","x-frame-options":"SAMEORIGIN","x-content-type-options":"nosniff","alt-svc":"h3-Q050=\":443\"; ma=2592000,h3-29=\":443\"; ma=2592000,h3-27=\":443\"; ma=2592000,h3-T051=\":443\"; ma=2592000,h3-T050=\":443\"; ma=2592000,h3-Q046=\":443\"; ma=2592000,h3-Q043=\":443\"; ma=2592000,quic=\":443\"; ma=2592000; v=\"46,43\"","accept-ranges":"none","transfer-encoding":"chunked"}
[info] i  hosting: Serving hosting files from: build {"metadata":{"emulator":{"name":"hosting"},"message":"Serving hosting files from: \u001b[1mbuild\u001b[22m"}}
[info] +  hosting: Local server: http://localhost:5000 {"metadata":{"emulator":{"name":"hosting"},"message":"Local server: \u001b[4m\u001b[1mhttp://localhost:5000\u001b[22m\u001b[24m"}}
[warn] !  ui: Emulator UI unable to start on port 4000, starting on 4001 instead. {"metadata":{"emulator":{"name":"ui"},"message":"Emulator UI unable to start on port 4000, starting on 4001 instead."}}
[debug] [2020-09-29T11:33:51.676Z] Ignoring unsupported arg: auto_download {"metadata":{"emulator":{"name":"ui"},"message":"Ignoring unsupported arg: auto_download"}}
[debug] [2020-09-29T11:33:51.676Z] Ignoring unsupported arg: port {"metadata":{"emulator":{"name":"ui"},"message":"Ignoring unsupported arg: port"}}
[debug] [2020-09-29T11:33:51.676Z] Starting Emulator UI with command {"binary":"node","args":["C:\\Users\\Toren\\.cache\\firebase\\emulators\\ui-v1.1.1\\server.bundle.js"],"optionalArgs":[],"joinArgs":false} {"metadata":{"emulator":{"name":"ui"},"message":"Starting Emulator UI with command {\"binary\":\"node\",\"args\":[\"C:\\\\Users\\\\Toren\\\\.cache\\\\firebase\\\\emulators\\\\ui-v1.1.1\\\\server.bundle.js\"],\"optionalArgs\":[],\"joinArgs\":false}"}}
[info] i  ui: Emulator UI logging to ui-debug.log {"metadata":{"emulator":{"name":"ui"},"message":"Emulator UI logging to \u001b[1mui-debug.log\u001b[22m"}}
[debug] [2020-09-29T11:33:51.758Z] Web / API server started at http://localhost:4001
 {"metadata":{"emulator":{"name":"ui"},"message":"Web / API server started at http://localhost:4001\n"}}
[info] i  functions: Watching "C:\Users\Toren\Desktop\code\crafty-bean-v2\functions" for Cloud Functions... {"metadata":{"emulator":{"name":"functions"},"message":"Watching \"C:\\Users\\Toren\\Desktop\\code\\crafty-bean-v2\\functions\" for Cloud Functions..."}}
[debug] [2020-09-29T11:33:52.193Z] [worker-pool] addWorker(~diagnostic~) {"metadata":{"emulator":{"name":"functions"},"message":"[worker-pool] addWorker(~diagnostic~)"}}
[debug] [2020-09-29T11:33:52.193Z] [worker-pool] Adding worker with key ~diagnostic~, total=1 {"metadata":{"emulator":{"name":"functions"},"message":"[worker-pool] Adding worker with key ~diagnostic~, total=1"}}
[debug] [2020-09-29T11:33:52.193Z] [worker-pool] submitWork(triggerId=) {"metadata":{"emulator":{"name":"functions"},"message":"[worker-pool] submitWork(triggerId=)"}}
[debug] [2020-09-29T11:33:52.194Z] [worker-~diagnostic~-e080855c-4b17-4096-bafe-4885ac6981f2]: Assigning socketPath: \\?\pipe\C:\Users\Toren\Desktop\code\crafty-bean-v2\functions\8824 {"metadata":{"emulator":{"name":"functions"},"message":"[worker-~diagnostic~-e080855c-4b17-4096-bafe-4885ac6981f2]: Assigning socketPath: \\\\?\\pipe\\C:\\Users\\Toren\\Desktop\\code\\crafty-bean-v2\\functions\\8824"}}
[debug] [2020-09-29T11:33:52.194Z] [worker-~diagnostic~-e080855c-4b17-4096-bafe-4885ac6981f2]: BUSY {"metadata":{"emulator":{"name":"functions"},"message":"[worker-~diagnostic~-e080855c-4b17-4096-bafe-4885ac6981f2]: BUSY"}}
[debug] [2020-09-29T11:33:52.473Z] [runtime-status] [8824] Functions runtime initialized. {"cwd":"C:\\Users\\Toren\\Desktop\\code\\crafty-bean-v2\\functions","node_version":"12.18.3"} {"metadata":{"emulator":{"name":"functions"},"message":"[runtime-status] [8824] Functions runtime initialized. {\"cwd\":\"C:\\\\Users\\\\Toren\\\\Desktop\\\\code\\\\crafty-bean-v2\\\\functions\",\"node_version\":\"12.18.3\"}"}}
[debug] [2020-09-29T11:33:52.473Z] [runtime-status] [8824] Disabled runtime features: undefined {"metadata":{"emulator":{"name":"functions"},"message":"[runtime-status] [8824] Disabled runtime features: undefined"}}
[debug] [2020-09-29T11:33:52.476Z] [runtime-status] [8824] Resolved module firebase-admin {"declared":true,"installed":true,"version":"8.13.0","resolution":"C:\\Users\\Toren\\Desktop\\code\\crafty-bean-v2\\functions\\node_modules\\firebase-admin\\lib\\index.js"} {"metadata":{"emulator":{"name":"functions"},"message":"[runtime-status] [8824] Resolved module firebase-admin {\"declared\":true,\"installed\":true,\"version\":\"8.13.0\",\"resolution\":\"C:\\\\Users\\\\Toren\\\\Desktop\\\\code\\\\crafty-bean-v2\\\\functions\\\\node_modules\\\\firebase-admin\\\\lib\\\\index.js\"}"}}
[debug] [2020-09-29T11:33:52.479Z] [runtime-status] [8824] Resolved module firebase-functions {"declared":true,"installed":true,"version":"3.11.0","resolution":"C:\\Users\\Toren\\Desktop\\code\\crafty-bean-v2\\functions\\node_modules\\firebase-functions\\lib\\index.js"} {"metadata":{"emulator":{"name":"functions"},"message":"[runtime-status] [8824] Resolved module firebase-functions {\"declared\":true,\"installed\":true,\"version\":\"3.11.0\",\"resolution\":\"C:\\\\Users\\\\Toren\\\\Desktop\\\\code\\\\crafty-bean-v2\\\\functions\\\\node_modules\\\\firebase-functions\\\\lib\\\\index.js\"}"}}
[debug] [2020-09-29T11:33:52.479Z] [runtime-status] [8824] Resolved module firebase-functions {"declared":true,"installed":true,"version":"3.11.0","resolution":"C:\\Users\\Toren\\Desktop\\code\\crafty-bean-v2\\functions\\node_modules\\firebase-functions\\lib\\index.js"} {"metadata":{"emulator":{"name":"functions"},"message":"[runtime-status] [8824] Resolved module firebase-functions {\"declared\":true,\"installed\":true,\"version\":\"3.11.0\",\"resolution\":\"C:\\\\Users\\\\Toren\\\\Desktop\\\\code\\\\crafty-bean-v2\\\\functions\\\\node_modules\\\\firebase-functions\\\\lib\\\\index.js\"}"}}
[debug] [2020-09-29T11:33:52.481Z] [runtime-status] [8824] Outgoing network have been stubbed. [{"name":"http","status":"mocked"},{"name":"http","status":"mocked"},{"name":"https","status":"mocked"},{"name":"https","status":"mocked"},{"name":"net","status":"mocked"}] {"metadata":{"emulator":{"name":"functions"},"message":"[runtime-status] [8824] Outgoing network have been stubbed. [{\"name\":\"http\",\"status\":\"mocked\"},{\"name\":\"http\",\"status\":\"mocked\"},{\"name\":\"https\",\"status\":\"mocked\"},{\"name\":\"https\",\"status\":\"mocked\"},{\"name\":\"net\",\"status\":\"mocked\"}]"}}
[debug] [2020-09-29T11:33:52.481Z] [runtime-status] [8824] Resolved module firebase-functions {"declared":true,"installed":true,"version":"3.11.0","resolution":"C:\\Users\\Toren\\Desktop\\code\\crafty-bean-v2\\functions\\node_modules\\firebase-functions\\lib\\index.js"} {"metadata":{"emulator":{"name":"functions"},"message":"[runtime-status] [8824] Resolved module firebase-functions {\"declared\":true,\"installed\":true,\"version\":\"3.11.0\",\"resolution\":\"C:\\\\Users\\\\Toren\\\\Desktop\\\\code\\\\crafty-bean-v2\\\\functions\\\\node_modules\\\\firebase-functions\\\\lib\\\\index.js\"}"}}
[debug] [2020-09-29T11:33:52.513Z] [runtime-status] [8824] Checked functions.config() {"config":{}} {"metadata":{"emulator":{"name":"functions"},"message":"[runtime-status] [8824] Checked functions.config() {\"config\":{}}"}}
[debug] [2020-09-29T11:33:52.513Z] [runtime-status] [8824] firebase-functions has been stubbed. {"functionsResolution":{"declared":true,"installed":true,"version":"3.11.0","resolution":"C:\\Users\\Toren\\Desktop\\code\\crafty-bean-v2\\functions\\node_modules\\firebase-functions\\lib\\index.js"}} {"metadata":{"emulator":{"name":"functions"},"message":"[runtime-status] [8824] firebase-functions has been stubbed. {\"functionsResolution\":{\"declared\":true,\"installed\":true,\"version\":\"3.11.0\",\"resolution\":\"C:\\\\Users\\\\Toren\\\\Desktop\\\\code\\\\crafty-bean-v2\\\\functions\\\\node_modules\\\\firebase-functions\\\\lib\\\\index.js\"}}"}}
[debug] [2020-09-29T11:33:52.513Z] [runtime-status] [8824] Resolved module firebase-functions {"declared":true,"installed":true,"version":"3.11.0","resolution":"C:\\Users\\Toren\\Desktop\\code\\crafty-bean-v2\\functions\\node_modules\\firebase-functions\\lib\\index.js"} {"metadata":{"emulator":{"name":"functions"},"message":"[runtime-status] [8824] Resolved module firebase-functions {\"declared\":true,\"installed\":true,\"version\":\"3.11.0\",\"resolution\":\"C:\\\\Users\\\\Toren\\\\Desktop\\\\code\\\\crafty-bean-v2\\\\functions\\\\node_modules\\\\firebase-functions\\\\lib\\\\index.js\"}"}}
[debug] [2020-09-29T11:33:52.514Z] [runtime-status] [8824] Resolved module firebase-admin {"declared":true,"installed":true,"version":"8.13.0","resolution":"C:\\Users\\Toren\\Desktop\\code\\crafty-bean-v2\\functions\\node_modules\\firebase-admin\\lib\\index.js"} {"metadata":{"emulator":{"name":"functions"},"message":"[runtime-status] [8824] Resolved module firebase-admin {\"declared\":true,\"installed\":true,\"version\":\"8.13.0\",\"resolution\":\"C:\\\\Users\\\\Toren\\\\Desktop\\\\code\\\\crafty-bean-v2\\\\functions\\\\node_modules\\\\firebase-admin\\\\lib\\\\index.js\"}"}}
[debug] [2020-09-29T11:33:52.514Z] [runtime-status] [8824] Resolved module firebase-functions {"declared":true,"installed":true,"version":"3.11.0","resolution":"C:\\Users\\Toren\\Desktop\\code\\crafty-bean-v2\\functions\\node_modules\\firebase-functions\\lib\\index.js"} {"metadata":{"emulator":{"name":"functions"},"message":"[runtime-status] [8824] Resolved module firebase-functions {\"declared\":true,\"installed\":true,\"version\":\"3.11.0\",\"resolution\":\"C:\\\\Users\\\\Toren\\\\Desktop\\\\code\\\\crafty-bean-v2\\\\functions\\\\node_modules\\\\firebase-functions\\\\lib\\\\index.js\"}"}}
[debug] [2020-09-29T11:33:52.514Z] [runtime-status] [8824] firebase-admin has been stubbed. {"adminResolution":{"declared":true,"installed":true,"version":"8.13.0","resolution":"C:\\Users\\Toren\\Desktop\\code\\crafty-bean-v2\\functions\\node_modules\\firebase-admin\\lib\\index.js"}} {"metadata":{"emulator":{"name":"functions"},"message":"[runtime-status] [8824] firebase-admin has been stubbed. {\"adminResolution\":{\"declared\":true,\"installed\":true,\"version\":\"8.13.0\",\"resolution\":\"C:\\\\Users\\\\Toren\\\\Desktop\\\\code\\\\crafty-bean-v2\\\\functions\\\\node_modules\\\\firebase-admin\\\\lib\\\\index.js\"}}"}}
[info] +  functions[api]: http function initialized (http://localhost:5001/crafty-bean-v2/us-central1/api). {"metadata":{"emulator":{"name":"functions"},"message":"\u001b[1mhttp\u001b[22m function initialized (http://localhost:5001/crafty-bean-v2/us-central1/api)."}}
[info] 
┌───────────────────────────────────────────────────────────────────────┐
│ ✔  All emulators ready! View status and logs at http://localhost:4001 │
└───────────────────────────────────────────────────────────────────────┘

┌───────────┬────────────────┬─────────────────────────────────┐
│ Emulator  │ Host:Port      │ View in Emulator UI             │
├───────────┼────────────────┼─────────────────────────────────┤
│ Functions │ localhost:5001 │ http://localhost:4001/functions │
├───────────┼────────────────┼─────────────────────────────────┤
│ Hosting   │ localhost:5000 │ n/a                             │
└───────────┴────────────────┴─────────────────────────────────┘
  Other reserved ports: 4400, 4500

Issues? Report them at https://github.com/firebase/firebase-tools/issues and attach the *-debug.log files.
 
[debug] [2020-09-29T11:33:52.637Z] [worker-~diagnostic~-e080855c-4b17-4096-bafe-4885ac6981f2]: IDLE {"metadata":{"emulator":{"name":"functions"},"message":"[worker-~diagnostic~-e080855c-4b17-4096-bafe-4885ac6981f2]: IDLE"}}
[debug] [2020-09-29T11:35:21.527Z] File C:\Users\Toren\Desktop\code\crafty-bean-v2\functions\index.js changed, reloading triggers {"metadata":{"emulator":{"name":"functions"},"message":"File C:\\Users\\Toren\\Desktop\\code\\crafty-bean-v2\\functions\\index.js changed, reloading triggers"}}
[debug] [2020-09-29T11:35:22.541Z] [worker-pool] Shutting down IDLE worker (~diagnostic~) {"metadata":{"emulator":{"name":"functions"},"message":"[worker-pool] Shutting down IDLE worker (~diagnostic~)"}}
[debug] [2020-09-29T11:35:22.541Z] [worker-~diagnostic~-e080855c-4b17-4096-bafe-4885ac6981f2]: FINISHING {"metadata":{"emulator":{"name":"functions"},"message":"[worker-~diagnostic~-e080855c-4b17-4096-bafe-4885ac6981f2]: FINISHING"}}
[debug] [2020-09-29T11:35:22.545Z] [worker-pool] addWorker(~diagnostic~) {"metadata":{"emulator":{"name":"functions"},"message":"[worker-pool] addWorker(~diagnostic~)"}}
[debug] [2020-09-29T11:35:22.545Z] [worker-pool] Adding worker with key ~diagnostic~, total=2 {"metadata":{"emulator":{"name":"functions"},"message":"[worker-pool] Adding worker with key ~diagnostic~, total=2"}}
[debug] [2020-09-29T11:35:22.545Z] [worker-pool] submitWork(triggerId=) {"metadata":{"emulator":{"name":"functions"},"message":"[worker-pool] submitWork(triggerId=)"}}
[debug] [2020-09-29T11:35:22.545Z] [worker-~diagnostic~-3a48b5df-9b1b-4112-9374-bf34c521325e]: Assigning socketPath: \\?\pipe\C:\Users\Toren\Desktop\code\crafty-bean-v2\functions\15812 {"metadata":{"emulator":{"name":"functions"},"message":"[worker-~diagnostic~-3a48b5df-9b1b-4112-9374-bf34c521325e]: Assigning socketPath: \\\\?\\pipe\\C:\\Users\\Toren\\Desktop\\code\\crafty-bean-v2\\functions\\15812"}}
[debug] [2020-09-29T11:35:22.546Z] [worker-~diagnostic~-3a48b5df-9b1b-4112-9374-bf34c521325e]: BUSY {"metadata":{"emulator":{"name":"functions"},"message":"[worker-~diagnostic~-3a48b5df-9b1b-4112-9374-bf34c521325e]: BUSY"}}
[debug] [2020-09-29T11:35:22.546Z] [worker-~diagnostic~-e080855c-4b17-4096-bafe-4885ac6981f2]: exited {"metadata":{"emulator":{"name":"functions"},"message":"[worker-~diagnostic~-e080855c-4b17-4096-bafe-4885ac6981f2]: exited"}}
[debug] [2020-09-29T11:35:22.546Z] [worker-~diagnostic~-e080855c-4b17-4096-bafe-4885ac6981f2]: FINISHED {"metadata":{"emulator":{"name":"functions"},"message":"[worker-~diagnostic~-e080855c-4b17-4096-bafe-4885ac6981f2]: FINISHED"}}
[debug] [2020-09-29T11:35:22.846Z] [runtime-status] [15812] Functions runtime initialized. {"cwd":"C:\\Users\\Toren\\Desktop\\code\\crafty-bean-v2\\functions","node_version":"12.18.3"} {"metadata":{"emulator":{"name":"functions"},"message":"[runtime-status] [15812] Functions runtime initialized. {\"cwd\":\"C:\\\\Users\\\\Toren\\\\Desktop\\\\code\\\\crafty-bean-v2\\\\functions\",\"node_version\":\"12.18.3\"}"}}
[debug] [2020-09-29T11:35:22.847Z] [runtime-status] [15812] Disabled runtime features: undefined {"metadata":{"emulator":{"name":"functions"},"message":"[runtime-status] [15812] Disabled runtime features: undefined"}}
[debug] [2020-09-29T11:35:22.850Z] [runtime-status] [15812] Resolved module firebase-admin {"declared":true,"installed":true,"version":"8.13.0","resolution":"C:\\Users\\Toren\\Desktop\\code\\crafty-bean-v2\\functions\\node_modules\\firebase-admin\\lib\\index.js"} {"metadata":{"emulator":{"name":"functions"},"message":"[runtime-status] [15812] Resolved module firebase-admin {\"declared\":true,\"installed\":true,\"version\":\"8.13.0\",\"resolution\":\"C:\\\\Users\\\\Toren\\\\Desktop\\\\code\\\\crafty-bean-v2\\\\functions\\\\node_modules\\\\firebase-admin\\\\lib\\\\index.js\"}"}}
[debug] [2020-09-29T11:35:22.854Z] [runtime-status] [15812] Resolved module firebase-functions {"declared":true,"installed":true,"version":"3.11.0","resolution":"C:\\Users\\Toren\\Desktop\\code\\crafty-bean-v2\\functions\\node_modules\\firebase-functions\\lib\\index.js"} {"metadata":{"emulator":{"name":"functions"},"message":"[runtime-status] [15812] Resolved module firebase-functions {\"declared\":true,\"installed\":true,\"version\":\"3.11.0\",\"resolution\":\"C:\\\\Users\\\\Toren\\\\Desktop\\\\code\\\\crafty-bean-v2\\\\functions\\\\node_modules\\\\firebase-functions\\\\lib\\\\index.js\"}"}}
[debug] [2020-09-29T11:35:22.854Z] [runtime-status] [15812] Resolved module firebase-functions {"declared":true,"installed":true,"version":"3.11.0","resolution":"C:\\Users\\Toren\\Desktop\\code\\crafty-bean-v2\\functions\\node_modules\\firebase-functions\\lib\\index.js"} {"metadata":{"emulator":{"name":"functions"},"message":"[runtime-status] [15812] Resolved module firebase-functions {\"declared\":true,\"installed\":true,\"version\":\"3.11.0\",\"resolution\":\"C:\\\\Users\\\\Toren\\\\Desktop\\\\code\\\\crafty-bean-v2\\\\functions\\\\node_modules\\\\firebase-functions\\\\lib\\\\index.js\"}"}}
[debug] [2020-09-29T11:35:22.856Z] [runtime-status] [15812] Outgoing network have been stubbed. [{"name":"http","status":"mocked"},{"name":"http","status":"mocked"},{"name":"https","status":"mocked"},{"name":"https","status":"mocked"},{"name":"net","status":"mocked"}] {"metadata":{"emulator":{"name":"functions"},"message":"[runtime-status] [15812] Outgoing network have been stubbed. [{\"name\":\"http\",\"status\":\"mocked\"},{\"name\":\"http\",\"status\":\"mocked\"},{\"name\":\"https\",\"status\":\"mocked\"},{\"name\":\"https\",\"status\":\"mocked\"},{\"name\":\"net\",\"status\":\"mocked\"}]"}}
[debug] [2020-09-29T11:35:22.856Z] [runtime-status] [15812] Resolved module firebase-functions {"declared":true,"installed":true,"version":"3.11.0","resolution":"C:\\Users\\Toren\\Desktop\\code\\crafty-bean-v2\\functions\\node_modules\\firebase-functions\\lib\\index.js"} {"metadata":{"emulator":{"name":"functions"},"message":"[runtime-status] [15812] Resolved module firebase-functions {\"declared\":true,\"installed\":true,\"version\":\"3.11.0\",\"resolution\":\"C:\\\\Users\\\\Toren\\\\Desktop\\\\code\\\\crafty-bean-v2\\\\functions\\\\node_modules\\\\firebase-functions\\\\lib\\\\index.js\"}"}}
[debug] [2020-09-29T11:35:22.891Z] [runtime-status] [15812] Checked functions.config() {"config":{}} {"metadata":{"emulator":{"name":"functions"},"message":"[runtime-status] [15812] Checked functions.config() {\"config\":{}}"}}
[debug] [2020-09-29T11:35:22.891Z] [runtime-status] [15812] firebase-functions has been stubbed. {"functionsResolution":{"declared":true,"installed":true,"version":"3.11.0","resolution":"C:\\Users\\Toren\\Desktop\\code\\crafty-bean-v2\\functions\\node_modules\\firebase-functions\\lib\\index.js"}} {"metadata":{"emulator":{"name":"functions"},"message":"[runtime-status] [15812] firebase-functions has been stubbed. {\"functionsResolution\":{\"declared\":true,\"installed\":true,\"version\":\"3.11.0\",\"resolution\":\"C:\\\\Users\\\\Toren\\\\Desktop\\\\code\\\\crafty-bean-v2\\\\functions\\\\node_modules\\\\firebase-functions\\\\lib\\\\index.js\"}}"}}
[debug] [2020-09-29T11:35:22.892Z] [runtime-status] [15812] Resolved module firebase-functions {"declared":true,"installed":true,"version":"3.11.0","resolution":"C:\\Users\\Toren\\Desktop\\code\\crafty-bean-v2\\functions\\node_modules\\firebase-functions\\lib\\index.js"} {"metadata":{"emulator":{"name":"functions"},"message":"[runtime-status] [15812] Resolved module firebase-functions {\"declared\":true,\"installed\":true,\"version\":\"3.11.0\",\"resolution\":\"C:\\\\Users\\\\Toren\\\\Desktop\\\\code\\\\crafty-bean-v2\\\\functions\\\\node_modules\\\\firebase-functions\\\\lib\\\\index.js\"}"}}
[debug] [2020-09-29T11:35:22.892Z] [runtime-status] [15812] Resolved module firebase-admin {"declared":true,"installed":true,"version":"8.13.0","resolution":"C:\\Users\\Toren\\Desktop\\code\\crafty-bean-v2\\functions\\node_modules\\firebase-admin\\lib\\index.js"} {"metadata":{"emulator":{"name":"functions"},"message":"[runtime-status] [15812] Resolved module firebase-admin {\"declared\":true,\"installed\":true,\"version\":\"8.13.0\",\"resolution\":\"C:\\\\Users\\\\Toren\\\\Desktop\\\\code\\\\crafty-bean-v2\\\\functions\\\\node_modules\\\\firebase-admin\\\\lib\\\\index.js\"}"}}
[debug] [2020-09-29T11:35:22.893Z] [runtime-status] [15812] Resolved module firebase-functions {"declared":true,"installed":true,"version":"3.11.0","resolution":"C:\\Users\\Toren\\Desktop\\code\\crafty-bean-v2\\functions\\node_modules\\firebase-functions\\lib\\index.js"} {"metadata":{"emulator":{"name":"functions"},"message":"[runtime-status] [15812] Resolved module firebase-functions {\"declared\":true,\"installed\":true,\"version\":\"3.11.0\",\"resolution\":\"C:\\\\Users\\\\Toren\\\\Desktop\\\\code\\\\crafty-bean-v2\\\\functions\\\\node_modules\\\\firebase-functions\\\\lib\\\\index.js\"}"}}
[debug] [2020-09-29T11:35:22.893Z] [runtime-status] [15812] firebase-admin has been stubbed. {"adminResolution":{"declared":true,"installed":true,"version":"8.13.0","resolution":"C:\\Users\\Toren\\Desktop\\code\\crafty-bean-v2\\functions\\node_modules\\firebase-admin\\lib\\index.js"}} {"metadata":{"emulator":{"name":"functions"},"message":"[runtime-status] [15812] firebase-admin has been stubbed. {\"adminResolution\":{\"declared\":true,\"installed\":true,\"version\":\"8.13.0\",\"resolution\":\"C:\\\\Users\\\\Toren\\\\Desktop\\\\code\\\\crafty-bean-v2\\\\functions\\\\node_modules\\\\firebase-admin\\\\lib\\\\index.js\"}}"}}
[debug] [2020-09-29T11:35:23.008Z] [worker-~diagnostic~-3a48b5df-9b1b-4112-9374-bf34c521325e]: IDLE {"metadata":{"emulator":{"name":"functions"},"message":"[worker-~diagnostic~-3a48b5df-9b1b-4112-9374-bf34c521325e]: IDLE"}}
[debug] [2020-09-29T11:36:08.335Z] File C:\Users\Toren\Desktop\code\crafty-bean-v2\functions\index.js changed, reloading triggers {"metadata":{"emulator":{"name":"functions"},"message":"File C:\\Users\\Toren\\Desktop\\code\\crafty-bean-v2\\functions\\index.js changed, reloading triggers"}}
